<?xml version="1.0" encoding="UTF-8"?>
<!-- Generated by org.testng.reporters.JUnitReportReporter -->
<testsuite name="com.tests.UserTest" tests="1" time="9.784" ignored="1" failures="0" timestamp="25 Jun 2021 17:09:31 GMT" skipped="0" hostname="DESKTOP-D5401R0" errors="0">
  <testcase name="verifyUsernamewithGender" time="9.784" classname="com.tests.UserTest"/>
  <testcase name="verifyCompleteTable" classname="com.tests.UserTest">
    <skipped/>
  </testcase> <!-- verifyCompleteTable -->
</testsuite> <!-- com.tests.UserTest -->
