<?xml version="1.0" encoding="UTF-8"?>
<!-- Generated by org.testng.reporters.JUnitReportReporter -->
<testsuite name="com.tests.DashboardTest" tests="1" time="7.993" ignored="0" failures="0" timestamp="25 Jun 2021 05:52:09 GMT" skipped="0" hostname="DESKTOP-D5401R0" errors="0">
  <testcase name="verifyCourse" time="7.993" classname="com.tests.DashboardTest"/>
</testsuite> <!-- com.tests.DashboardTest -->
