<?xml version="1.0" encoding="UTF-8"?>
<!-- Generated by org.testng.reporters.JUnitReportReporter -->
<testsuite name="com.tests.OperatorsTest" tests="1" time="8.322" ignored="3" failures="0" timestamp="30 Jun 2021 10:42:49 GMT" skipped="0" hostname="DESKTOP-D5401R0" errors="0">
  <testcase name="verifySMSoperator" time="8.322" classname="com.tests.OperatorsTest"/>
  <testcase name="verifyOperatorTable" classname="com.tests.OperatorsTest">
    <skipped/>
  </testcase> <!-- verifyOperatorTable -->
  <testcase name="verifyHeader" classname="com.tests.OperatorsTest">
    <skipped/>
  </testcase> <!-- verifyHeader -->
  <testcase name="verifyID" classname="com.tests.OperatorsTest">
    <skipped/>
  </testcase> <!-- verifyID -->
</testsuite> <!-- com.tests.OperatorsTest -->
