<?xml version="1.0" encoding="UTF-8"?>
<!-- Generated by org.testng.reporters.JUnitReportReporter -->
<testsuite name="com.tests.LoginTest" tests="1" time="10.070" ignored="1" failures="0" timestamp="28 Jun 2021 03:05:40 GMT" skipped="0" hostname="DESKTOP-D5401R0" errors="0">
  <testcase name="verifyDashboardTitle" time="10.070" classname="com.tests.LoginTest"/>
  <testcase name="verifyLoginTitle" classname="com.tests.LoginTest">
    <skipped/>
  </testcase> <!-- verifyLoginTitle -->
</testsuite> <!-- com.tests.LoginTest -->
